[debug] [2024-05-16T13:37:11.817Z] ----------------------------------------------------------------------
[debug] [2024-05-16T13:37:11.819Z] Command:       /usr/local/bin/node /Users/davidviklundhemmapp/my-blog/node_modules/.bin/firebase login
[debug] [2024-05-16T13:37:11.819Z] CLI Version:   13.9.0
[debug] [2024-05-16T13:37:11.819Z] Platform:      darwin
[debug] [2024-05-16T13:37:11.819Z] Node Version:  v20.13.0
[debug] [2024-05-16T13:37:11.819Z] Time:          Thu May 16 2024 15:37:11 GMT+0200 (Central European Summer Time)
[debug] [2024-05-16T13:37:11.819Z] ----------------------------------------------------------------------
[debug] 
[debug] [2024-05-16T13:37:11.820Z] >>> [apiv2][query] GET https://firebase-public.firebaseio.com/cli.json [none]
[info] i  Firebase optionally collects CLI and Emulator Suite usage and error reporting information to help improve our products. Data is collected in accordance with Google's privacy policy (https://policies.google.com/privacy) and is not used to identify you.
 
[debug] [2024-05-16T13:37:12.293Z] <<< [apiv2][status] GET https://firebase-public.firebaseio.com/cli.json 200
[debug] [2024-05-16T13:37:12.294Z] <<< [apiv2][body] GET https://firebase-public.firebaseio.com/cli.json {"cloudBuildErrorAfter":1594252800000,"cloudBuildWarnAfter":1590019200000,"defaultNode10After":1594252800000,"minVersion":"3.0.5","node8DeploysDisabledAfter":1613390400000,"node8RuntimeDisabledAfter":1615809600000,"node8WarnAfter":1600128000000}
[info] 
[info] Visit this URL on this device to log in:
[info] https://accounts.google.com/o/oauth2/auth?client_id=563584335869-fgrhgmd47bqnekij5i8b5pr03ho849e6.apps.googleusercontent.com&scope=email%20openid%20https%3A%2F%2Fwww.googleapis.com%2Fauth%2Fcloudplatformprojects.readonly%20https%3A%2F%2Fwww.googleapis.com%2Fauth%2Ffirebase%20https%3A%2F%2Fwww.googleapis.com%2Fauth%2Fcloud-platform&response_type=code&state=955130818&redirect_uri=http%3A%2F%2Flocalhost%3A9005
[info] 
[info] Waiting for authentication...
[debug] [2024-05-16T13:38:01.148Z] >>> [apiv2][query] POST https://auth.firebase.tools/attest [none]
[debug] [2024-05-16T13:38:01.148Z] >>> [apiv2][body] POST https://auth.firebase.tools/attest {"session_id":"cb0a9b87-b30e-4b4b-9b4e-d8fe92ec556d"}
[debug] [2024-05-16T13:38:01.837Z] <<< [apiv2][status] POST https://auth.firebase.tools/attest 200
[debug] [2024-05-16T13:38:01.837Z] <<< [apiv2][body] POST https://auth.firebase.tools/attest {"token":"wFB8uZBuSGpZq-0_3lNgK2yABeRJ4MCVnwd0yUmCiRg"}
[info] 
[info] To sign in to the Firebase CLI:
[info] 
[info] 1. Take note of your session ID:
[info] 
[info]    CB0A9
[info] 
[info] 2. Visit the URL below on any device and follow the instructions to get your code:
[info] 
[info]    https://auth.firebase.tools/login?code_challenge=QOm5Wo7iOekNsFQMQzldb1ZH4FHLJhSUsLA7KqOuz4Q&session=cb0a9b87-b30e-4b4b-9b4e-d8fe92ec556d&attest=wFB8uZBuSGpZq-0_3lNgK2yABeRJ4MCVnwd0yUmCiRg
[info] 
[info] 3. Paste or enter the authorization code below once you have it:
[info] 
[debug] [2024-05-16T13:39:20.628Z] ----------------------------------------------------------------------
[debug] [2024-05-16T13:39:20.629Z] Command:       /usr/local/bin/node /Users/davidviklundhemmapp/my-blog/node_modules/.bin/firebase login
[debug] [2024-05-16T13:39:20.629Z] CLI Version:   13.9.0
[debug] [2024-05-16T13:39:20.630Z] Platform:      darwin
[debug] [2024-05-16T13:39:20.630Z] Node Version:  v20.13.0
[debug] [2024-05-16T13:39:20.630Z] Time:          Thu May 16 2024 15:39:20 GMT+0200 (Central European Summer Time)
[debug] [2024-05-16T13:39:20.630Z] ----------------------------------------------------------------------
[debug] 
[info] i  Firebase optionally collects CLI and Emulator Suite usage and error reporting information to help improve our products. Data is collected in accordance with Google's privacy policy (https://policies.google.com/privacy) and is not used to identify you.
 
[info] 
[info] Visit this URL on this device to log in:
[info] https://accounts.google.com/o/oauth2/auth?client_id=563584335869-fgrhgmd47bqnekij5i8b5pr03ho849e6.apps.googleusercontent.com&scope=email%20openid%20https%3A%2F%2Fwww.googleapis.com%2Fauth%2Fcloudplatformprojects.readonly%20https%3A%2F%2Fwww.googleapis.com%2Fauth%2Ffirebase%20https%3A%2F%2Fwww.googleapis.com%2Fauth%2Fcloud-platform&response_type=code&state=216617673&redirect_uri=http%3A%2F%2Flocalhost%3A9005
[info] 
[info] Waiting for authentication...
